[2025818_1367] index:0;amount:0;created
[2025818_1367] index:1;amount:42;created
[2025818_1367] index:2;amount:96;created
[2025818_1367] index:3;amount:1053;created
[2025818_1367] index:4;amount:1485;created
[2025818_1367] index:5;amount:2719;created
[2025818_1367] index:6;amount:2719;created
[2025818_1367] index:7;amount:3473;created
[2025818_1367] accounts:8;total:20049;deposits:0;withdrawals:0
[2025818_1367] index:0;amount:0;deposits:0;withdrawals:0
[2025818_1367] index:1;amount:42;deposits:0;withdrawals:0
[2025818_1367] index:2;amount:96;deposits:0;withdrawals:0
[2025818_1367] index:3;amount:1053;deposits:0;withdrawals:0
[2025818_1367] index:4;amount:1485;deposits:0;withdrawals:0
[2025818_1367] index:5;amount:2719;deposits:0;withdrawals:0
[2025818_1367] index:6;amount:2719;deposits:0;withdrawals:0
[2025818_1367] index:7;amount:3473;deposits:0;withdrawals:0
[2025818_1367] index:0;p_amount:0;deposit:5;amount:5; nb_deposits:1
[2025818_1367] index:1;p_amount:42;deposit:765;amount:807; nb_deposits:1
[2025818_1367] index:2;p_amount:96;deposit:564;amount:660; nb_deposits:1
[2025818_1367] index:3;p_amount:1053;deposit:2;amount:1055; nb_deposits:1
[2025818_1367] index:4;p_amount:1485;deposit:87;amount:1572; nb_deposits:1
[2025818_1367] index:5;p_amount:2719;deposit:23;amount:2742; nb_deposits:1
[2025818_1367] index:6;p_amount:2719;deposit:9;amount:2728; nb_deposits:1
[2025818_1367] index:7;p_amount:3473;deposit:20;amount:3493; nb_deposits:1
[2025818_1367] accounts:8;total:21524;deposits:8;withdrawals:0
[2025818_1367] index:0;amount:5;deposits:1;withdrawals:0
[2025818_1367] index:1;amount:807;deposits:1;withdrawals:0
[2025818_1367] index:2;amount:660;deposits:1;withdrawals:0
[2025818_1367] index:3;amount:1055;deposits:1;withdrawals:0
[2025818_1367] index:4;amount:1572;deposits:1;withdrawals:0
[2025818_1367] index:5;amount:2742;deposits:1;withdrawals:0
[2025818_1367] index:6;amount:2728;deposits:1;withdrawals:0
[2025818_1367] index:7;amount:3493;deposits:1;withdrawals:0
[2025818_1367] index:0;p_amount:5;withdrawal:refused
[2025818_1367] index:1;p_amount:807;withdrawal:34;amount:773;nb_withdrawals:2
[2025818_1367] index:2;p_amount:660;withdrawal:657;amount:3;nb_withdrawals:2
[2025818_1367] index:3;p_amount:1055;withdrawal:4;amount:1051;nb_withdrawals:2
[2025818_1367] index:4;p_amount:1572;withdrawal:76;amount:1496;nb_withdrawals:2
[2025818_1367] index:5;p_amount:2742;withdrawal:275;amount:2467;nb_withdrawals:2
[2025818_1367] index:6;p_amount:2728;withdrawal:657;amount:2071;nb_withdrawals:2
[2025818_1367] index:7;p_amount:3493;withdrawal:refused
[2025818_1367] accounts:8;total:21524;deposits:8;withdrawals:0
[2025818_1367] index:0;amount:5;deposits:1;withdrawals:0
[2025818_1367] index:1;amount:773;deposits:1;withdrawals:2
[2025818_1367] index:2;amount:3;deposits:1;withdrawals:2
[2025818_1367] index:3;amount:1051;deposits:1;withdrawals:2
[2025818_1367] index:4;amount:1496;deposits:1;withdrawals:2
[2025818_1367] index:5;amount:2467;deposits:1;withdrawals:2
[2025818_1367] index:6;amount:2071;deposits:1;withdrawals:2
[2025818_1367] index:7;amount:3493;deposits:1;withdrawals:0
[2025818_1367]index:7;amount:3493;closed
[2025818_1367]index:6;amount:2071;closed
[2025818_1367]index:5;amount:2467;closed
[2025818_1367]index:4;amount:1496;closed
[2025818_1367]index:3;amount:1051;closed
[2025818_1367]index:2;amount:3;closed
[2025818_1367]index:1;amount:773;closed
[2025818_1367]index:0;amount:5;closed
